mode: set
github.com/lukemilby/lichess/account.go:128.46,133.16 4 1
github.com/lukemilby/lichess/account.go:136.2,136.18 1 1
github.com/lukemilby/lichess/account.go:133.16,135.3 1 0
github.com/lukemilby/lichess/account.go:140.45,145.16 4 1
github.com/lukemilby/lichess/account.go:148.2,148.19 1 1
github.com/lukemilby/lichess/account.go:145.16,147.3 1 0
github.com/lukemilby/lichess/account.go:152.57,157.16 4 0
github.com/lukemilby/lichess/account.go:160.2,160.18 1 0
github.com/lukemilby/lichess/account.go:157.16,159.3 1 0
github.com/lukemilby/lichess/account.go:164.61,169.16 4 0
github.com/lukemilby/lichess/account.go:172.2,172.17 1 0
github.com/lukemilby/lichess/account.go:169.16,171.3 1 0
github.com/lukemilby/lichess/account.go:176.63,184.16 6 1
github.com/lukemilby/lichess/account.go:187.2,187.22 1 1
github.com/lukemilby/lichess/account.go:184.16,186.3 1 0
github.com/lukemilby/lichess/client.go:25.91,26.22 1 1
github.com/lukemilby/lichess/client.go:29.2,29.20 1 1
github.com/lukemilby/lichess/client.go:33.2,37.17 4 1
github.com/lukemilby/lichess/client.go:44.2,45.16 2 1
github.com/lukemilby/lichess/client.go:49.2,52.17 4 1
github.com/lukemilby/lichess/client.go:26.22,28.3 1 1
github.com/lukemilby/lichess/client.go:29.20,31.3 1 1
github.com/lukemilby/lichess/client.go:37.17,40.17 3 1
github.com/lukemilby/lichess/client.go:40.17,42.4 1 0
github.com/lukemilby/lichess/client.go:45.16,47.3 1 0
github.com/lukemilby/lichess/client.go:56.41,58.16 2 1
github.com/lukemilby/lichess/client.go:61.2,63.18 3 1
github.com/lukemilby/lichess/client.go:58.16,60.3 1 1
github.com/lukemilby/lichess/game.go:34.60,39.16 4 1
github.com/lukemilby/lichess/game.go:42.2,42.18 1 1
github.com/lukemilby/lichess/game.go:39.16,41.3 1 0
github.com/lukemilby/lichess/game.go:45.73,47.16 2 0
github.com/lukemilby/lichess/game.go:50.2,52.16 3 0
github.com/lukemilby/lichess/game.go:55.2,55.18 1 0
github.com/lukemilby/lichess/game.go:47.16,49.3 1 0
github.com/lukemilby/lichess/game.go:52.16,54.3 1 0
github.com/lukemilby/lichess/game.go:80.57,82.16 2 1
github.com/lukemilby/lichess/game.go:85.2,87.16 3 1
github.com/lukemilby/lichess/game.go:90.2,90.33 1 1
github.com/lukemilby/lichess/game.go:82.16,84.3 1 0
github.com/lukemilby/lichess/game.go:87.16,89.3 1 0
github.com/lukemilby/lichess/users.go:255.69,260.16 5 1
github.com/lukemilby/lichess/users.go:263.2,263.18 1 1
github.com/lukemilby/lichess/users.go:260.16,262.3 1 0
github.com/lukemilby/lichess/users.go:266.70,275.16 7 1
github.com/lukemilby/lichess/users.go:278.2,278.26 1 1
github.com/lukemilby/lichess/users.go:275.16,277.3 1 0
github.com/lukemilby/lichess/users.go:282.55,287.16 4 0
github.com/lukemilby/lichess/users.go:290.2,290.21 1 0
github.com/lukemilby/lichess/users.go:287.16,289.3 1 0
github.com/lukemilby/lichess/users.go:294.80,300.16 5 0
github.com/lukemilby/lichess/users.go:303.2,303.25 1 0
github.com/lukemilby/lichess/users.go:300.16,302.3 1 0
github.com/lukemilby/lichess/users.go:307.60,312.16 4 0
github.com/lukemilby/lichess/users.go:315.2,315.18 1 0
github.com/lukemilby/lichess/users.go:312.16,314.3 1 0
github.com/lukemilby/lichess/users.go:319.76,324.16 4 0
github.com/lukemilby/lichess/users.go:327.2,327.21 1 0
github.com/lukemilby/lichess/users.go:324.16,326.3 1 0
